<?xml version="1.0" encoding="UTF-8"?>
<!-- Generated by org.testng.reporters.JUnitReportReporter -->
<testsuite hostname="EXIMR-IM-737" name="com.lma.testScriptsPages.HomePageTest" tests="1" failures="0" timestamp="5 Jul 2019 08:50:45 GMT" time="0.000" errors="0">
  <testcase name="f" time="0.000" classname="com.lma.testScriptsPages.HomePageTest"/>
</testsuite> <!-- com.lma.testScriptsPages.HomePageTest -->
