<?xml version="1.0" encoding="UTF-8"?>
<!-- Generated by org.testng.reporters.JUnitReportReporter -->
<testsuite hostname="EXIMR-IM-737" name="com.lma.testScriptsPages.LoginPageTest" tests="4" failures="0" timestamp="28 Aug 2019 06:07:16 GMT" time="46.002" errors="0">
  <testcase name="loginToAppTest" time="13.832" classname="com.lma.testScriptsPages.LoginPageTest"/>
  <testcase name="loginToAppTest" time="14.495" classname="com.lma.testScriptsPages.LoginPageTest"/>
  <testcase name="verifyPageTitleTest" time="4.007" classname="com.lma.testScriptsPages.LoginPageTest"/>
  <testcase name="loginToAppTest" time="13.668" classname="com.lma.testScriptsPages.LoginPageTest"/>
</testsuite> <!-- com.lma.testScriptsPages.LoginPageTest -->
