<?xml version="1.0" encoding="UTF-8"?>
<!-- Generated by org.testng.reporters.JUnitReportReporter -->
<testsuite hostname="EXIMR-IM-737" name="com.lma.testScriptsPages.LogOutPageTest" tests="1" failures="0" timestamp="8 Jul 2019 13:39:47 GMT" time="19.357" errors="0">
  <testcase name="logOutAppTest" time="19.357" classname="com.lma.testScriptsPages.LogOutPageTest"/>
</testsuite> <!-- com.lma.testScriptsPages.LogOutPageTest -->
