<?xml version="1.0" encoding="UTF-8"?>
<!-- Generated by org.testng.reporters.JUnitReportReporter -->
<testsuite hostname="EXIMR-IM-737" name="com.lma.testScriptsPages.RegistrationPageTest" tests="1" failures="0" timestamp="9 Jul 2019 09:21:51 GMT" time="74.543" errors="0">
  <testcase name="newUserRegistrationTest" time="74.543" classname="com.lma.testScriptsPages.RegistrationPageTest"/>
</testsuite> <!-- com.lma.testScriptsPages.RegistrationPageTest -->
